<?xml version="1.0"?>
<!DOCTYPE coverage SYSTEM "http://cobertura.sourceforge.net/xml/coverage-04.dtd">

<coverage line-rate="1.0" branch-rate="1.0" lines-covered="18" lines-valid="18" branches-covered="6" branches-valid="6" complexity="1.75" version="2.0.3" timestamp="1456418984521">
	<sources>
		<source>/Users/Husna/Documents/workspace/CalculateRoots/src/main/java</source>
		<source>--source</source>
	</sources>
	<packages>
		<package name="cofc.csis658.CalculateRoots" line-rate="1.0" branch-rate="1.0" complexity="1.75">
			<classes>
				<class name="cofc.csis658.CalculateRoots.Roots" filename="cofc/csis658/CalculateRoots/Roots.java" line-rate="1.0" branch-rate="1.0" complexity="1.75">
					<methods>
						<method name="&lt;init&gt;" signature="(DDD)V" line-rate="1.0" branch-rate="1.0">
							<lines>
								<line number="7" hits="5" branch="false"/>
								<line number="11" hits="5" branch="false"/>
								<line number="12" hits="5" branch="true" condition-coverage="100% (4/4)">
									<conditions>
										<condition number="0" type="jump" coverage="100%"/>
										<condition number="1" type="jump" coverage="100%"/>
									</conditions>
								</line>
								<line number="13" hits="2" branch="false"/>
								<line number="14" hits="2" branch="false"/>
								<line number="15" hits="2" branch="false"/>
								<line number="16" hits="2" branch="false"/>
								<line number="18" hits="3" branch="true" condition-coverage="100% (2/2)">
									<conditions>
										<condition number="0" type="jump" coverage="100%"/>
									</conditions>
								</line>
								<line number="19" hits="1" branch="false"/>
								<line number="20" hits="1" branch="false"/>
								<line number="21" hits="1" branch="false"/>
								<line number="24" hits="2" branch="false"/>
								<line number="25" hits="2" branch="false"/>
								<line number="26" hits="2" branch="false"/>
								<line number="28" hits="5" branch="false"/>
							</lines>
						</method>
						<method name="first_root" signature="()D" line-rate="1.0" branch-rate="1.0">
							<lines>
								<line number="35" hits="5" branch="false"/>
							</lines>
						</method>
						<method name="num_roots" signature="()I" line-rate="1.0" branch-rate="1.0">
							<lines>
								<line number="31" hits="5" branch="false"/>
							</lines>
						</method>
						<method name="second_root" signature="()D" line-rate="1.0" branch-rate="1.0">
							<lines>
								<line number="39" hits="4" branch="false"/>
							</lines>
						</method>
					</methods>
					<lines>
						<line number="7" hits="5" branch="false"/>
						<line number="11" hits="5" branch="false"/>
						<line number="12" hits="5" branch="true" condition-coverage="100% (4/4)">
							<conditions>
								<condition number="0" type="jump" coverage="100%"/>
								<condition number="1" type="jump" coverage="100%"/>
							</conditions>
						</line>
						<line number="13" hits="2" branch="false"/>
						<line number="14" hits="2" branch="false"/>
						<line number="15" hits="2" branch="false"/>
						<line number="16" hits="2" branch="false"/>
						<line number="18" hits="3" branch="true" condition-coverage="100% (2/2)">
							<conditions>
								<condition number="0" type="jump" coverage="100%"/>
							</conditions>
						</line>
						<line number="19" hits="1" branch="false"/>
						<line number="20" hits="1" branch="false"/>
						<line number="21" hits="1" branch="false"/>
						<line number="24" hits="2" branch="false"/>
						<line number="25" hits="2" branch="false"/>
						<line number="26" hits="2" branch="false"/>
						<line number="28" hits="5" branch="false"/>
						<line number="31" hits="5" branch="false"/>
						<line number="35" hits="5" branch="false"/>
						<line number="39" hits="4" branch="false"/>
					</lines>
				</class>
			</classes>
		</package>
	</packages>
</coverage>
